ELF Header:
  Magic:   7f 45 4c 46 01 01 01 00 00 00 00 00 00 00 00 00 
  Class:                             ELF32
  Data:                              2's complement, little endian
  Version:                           1 (current)
  OS/ABI:                            UNIX - System V
  ABI Version:                       0
  Type:                              REL (Relocatable file)
  Machine:                           ARM
  Version:                           0x1
  Entry point address:               0x0
  Start of program headers:          0 (bytes into file)
  Start of section headers:          10316 (bytes into file)
  Flags:                             0x5000000, Version5 EABI
  Size of this header:               52 (bytes)
  Size of program headers:           0 (bytes)
  Number of program headers:         0
  Size of section headers:           40 (bytes)
  Number of section headers:         11
  Section header string table index: 8

Section Headers:
  [Nr] Name              Type            Addr     Off    Size   ES Flg Lk Inf Al
  [ 0]                   NULL            00000000 000000 000000 00      0   0  0
  [ 1] .text             PROGBITS        00000000 000038 0026d8 00  AX  0   0  8
  [ 2] .rel.text         REL             00000000 002a04 001330 08      9   1  4
  [ 3] .rodata           PROGBITS        00000000 002710 000028 00   A  0   0  4
  [ 4] .data             PROGBITS        00000000 002738 000020 00  WA  0   0  8
  [ 5] .bss              NOBITS          00000000 002758 000018 00  WA  0   0  4
  [ 6] .comment          PROGBITS        00000000 002758 000071 01  MS  0   0  1
  [ 7] .ARM.attributes   ARM_ATTRIBUTES  00000000 0027c9 000031 00      0   0  1
  [ 8] .shstrtab         STRTAB          00000000 0027fa 000051 00      0   0  1
  [ 9] .symtab           SYMTAB          00000000 003d34 000a70 10     10  78  4
  [10] .strtab           STRTAB          00000000 0047a4 0005a0 00      0   0  1
Key to Flags:
  W (write), A (alloc), X (execute), M (merge), S (strings)
  I (info), L (link order), G (group), T (TLS), E (exclude), x (unknown)
  O (extra OS processing required) o (OS specific), p (processor specific)

There are no section groups in this file.

There are no program headers in this file.

Relocation section '.rel.text' at offset 0x2a04 contains 614 entries:
 Offset     Info    Type            Sym.Value  Sym. Name
00000010  0000600a R_ARM_THM_CALL    00000000   malloc
0000002e  00006f0a R_ARM_THM_CALL    00000000   __aeabi_fsub
00000094  00006f0a R_ARM_THM_CALL    00000000   __aeabi_fsub
0000015c  0000830a R_ARM_THM_CALL    00000000   __aeabi_ui2f
00000166  0000810a R_ARM_THM_CALL    00000000   __aeabi_fdiv
00000176  00006f0a R_ARM_THM_CALL    00000000   __aeabi_fsub
00000182  0000960a R_ARM_THM_CALL    00000000   __aeabi_fcmplt
000001ac  00005c0a R_ARM_THM_CALL    00000000   __aeabi_fcmpgt
000001f4  00005a0a R_ARM_THM_CALL    00000000   __aeabi_fadd
00000238  00000302 R_ARM_ABS32       00000000   .data
0000024c  0000a60a R_ARM_THM_CALL    00000000   free
0000026a  0000920a R_ARM_THM_CALL    00000000   __aeabi_fmul
00000274  0000810a R_ARM_THM_CALL    00000000   __aeabi_fdiv
0000027e  00005a0a R_ARM_THM_CALL    00000000   __aeabi_fadd
0000029e  0000810a R_ARM_THM_CALL    00000000   __aeabi_fdiv
000002aa  0000920a R_ARM_THM_CALL    00000000   __aeabi_fmul
000002b4  0000920a R_ARM_THM_CALL    00000000   __aeabi_fmul
000002be  00005a0a R_ARM_THM_CALL    00000000   __aeabi_fadd
000002e8  0000810a R_ARM_THM_CALL    00000000   __aeabi_fdiv
000002f4  0000920a R_ARM_THM_CALL    00000000   __aeabi_fmul
00000302  00006f0a R_ARM_THM_CALL    00000000   __aeabi_fsub
0000030c  0000920a R_ARM_THM_CALL    00000000   __aeabi_fmul
00000316  00005a0a R_ARM_THM_CALL    00000000   __aeabi_fadd
00000338  0000810a R_ARM_THM_CALL    00000000   __aeabi_fdiv
00000342  0000810a R_ARM_THM_CALL    00000000   __aeabi_fdiv
00000350  0000960a R_ARM_THM_CALL    00000000   __aeabi_fcmplt
00000360  0000810a R_ARM_THM_CALL    00000000   __aeabi_fdiv
0000036a  0000920a R_ARM_THM_CALL    00000000   __aeabi_fmul
00000374  0000920a R_ARM_THM_CALL    00000000   __aeabi_fmul
0000037e  00005a0a R_ARM_THM_CALL    00000000   __aeabi_fadd
00000394  0000810a R_ARM_THM_CALL    00000000   __aeabi_fdiv
000003a2  00006f0a R_ARM_THM_CALL    00000000   __aeabi_fsub
000003b0  00006f0a R_ARM_THM_CALL    00000000   __aeabi_fsub
000003ba  0000920a R_ARM_THM_CALL    00000000   __aeabi_fmul
000003c6  00006f0a R_ARM_THM_CALL    00000000   __aeabi_fsub
000003d0  0000920a R_ARM_THM_CALL    00000000   __aeabi_fmul
000003da  00005a0a R_ARM_THM_CALL    00000000   __aeabi_fadd
000003fa  0000810a R_ARM_THM_CALL    00000000   __aeabi_fdiv
00000406  0000920a R_ARM_THM_CALL    00000000   __aeabi_fmul
00000410  0000920a R_ARM_THM_CALL    00000000   __aeabi_fmul
0000041a  0000920a R_ARM_THM_CALL    00000000   __aeabi_fmul
00000424  00005a0a R_ARM_THM_CALL    00000000   __aeabi_fadd
00000446  0000810a R_ARM_THM_CALL    00000000   __aeabi_fdiv
00000452  00006f0a R_ARM_THM_CALL    00000000   __aeabi_fsub
0000045e  0000920a R_ARM_THM_CALL    00000000   __aeabi_fmul
00000468  0000920a R_ARM_THM_CALL    00000000   __aeabi_fmul
00000474  00005a0a R_ARM_THM_CALL    00000000   __aeabi_fadd
0000047e  0000920a R_ARM_THM_CALL    00000000   __aeabi_fmul
00000488  00005a0a R_ARM_THM_CALL    00000000   __aeabi_fadd
000004ac  0000810a R_ARM_THM_CALL    00000000   __aeabi_fdiv
000004b6  0000810a R_ARM_THM_CALL    00000000   __aeabi_fdiv
000004c4  0000960a R_ARM_THM_CALL    00000000   __aeabi_fcmplt
000004d4  0000810a R_ARM_THM_CALL    00000000   __aeabi_fdiv
000004de  0000920a R_ARM_THM_CALL    00000000   __aeabi_fmul
000004e8  0000920a R_ARM_THM_CALL    00000000   __aeabi_fmul
000004f2  0000920a R_ARM_THM_CALL    00000000   __aeabi_fmul
000004fc  00005a0a R_ARM_THM_CALL    00000000   __aeabi_fadd
0000050a  0000810a R_ARM_THM_CALL    00000000   __aeabi_fdiv
00000518  00006f0a R_ARM_THM_CALL    00000000   __aeabi_fsub
00000524  0000920a R_ARM_THM_CALL    00000000   __aeabi_fmul
0000052e  0000920a R_ARM_THM_CALL    00000000   __aeabi_fmul
0000053a  00005a0a R_ARM_THM_CALL    00000000   __aeabi_fadd
00000544  0000920a R_ARM_THM_CALL    00000000   __aeabi_fmul
0000054e  00005a0a R_ARM_THM_CALL    00000000   __aeabi_fadd
0000056e  0000810a R_ARM_THM_CALL    00000000   __aeabi_fdiv
0000057a  0000920a R_ARM_THM_CALL    00000000   __aeabi_fmul
00000584  0000920a R_ARM_THM_CALL    00000000   __aeabi_fmul
0000058e  0000920a R_ARM_THM_CALL    00000000   __aeabi_fmul
00000598  0000920a R_ARM_THM_CALL    00000000   __aeabi_fmul
000005a2  00005a0a R_ARM_THM_CALL    00000000   __aeabi_fadd
000005cc  0000810a R_ARM_THM_CALL    00000000   __aeabi_fdiv
000005d8  00006f0a R_ARM_THM_CALL    00000000   __aeabi_fsub
000005e4  0000920a R_ARM_THM_CALL    00000000   __aeabi_fmul
000005ee  0000920a R_ARM_THM_CALL    00000000   __aeabi_fmul
000005f8  0000920a R_ARM_THM_CALL    00000000   __aeabi_fmul
00000604  00006f0a R_ARM_THM_CALL    00000000   __aeabi_fsub
0000060e  0000920a R_ARM_THM_CALL    00000000   __aeabi_fmul
00000618  00005a0a R_ARM_THM_CALL    00000000   __aeabi_fadd
0000063c  0000810a R_ARM_THM_CALL    00000000   __aeabi_fdiv
00000646  0000810a R_ARM_THM_CALL    00000000   __aeabi_fdiv
00000654  0000960a R_ARM_THM_CALL    00000000   __aeabi_fcmplt
00000664  0000810a R_ARM_THM_CALL    00000000   __aeabi_fdiv
0000066e  0000920a R_ARM_THM_CALL    00000000   __aeabi_fmul
00000678  0000920a R_ARM_THM_CALL    00000000   __aeabi_fmul
00000682  0000920a R_ARM_THM_CALL    00000000   __aeabi_fmul
0000068c  0000920a R_ARM_THM_CALL    00000000   __aeabi_fmul
00000696  00005a0a R_ARM_THM_CALL    00000000   __aeabi_fadd
000006ac  0000810a R_ARM_THM_CALL    00000000   __aeabi_fdiv
000006ba  00006f0a R_ARM_THM_CALL    00000000   __aeabi_fsub
000006c6  0000920a R_ARM_THM_CALL    00000000   __aeabi_fmul
000006d0  0000920a R_ARM_THM_CALL    00000000   __aeabi_fmul
000006da  0000920a R_ARM_THM_CALL    00000000   __aeabi_fmul
000006e6  00006f0a R_ARM_THM_CALL    00000000   __aeabi_fsub
000006f0  0000920a R_ARM_THM_CALL    00000000   __aeabi_fmul
000006fa  00005a0a R_ARM_THM_CALL    00000000   __aeabi_fadd
0000071a  0000810a R_ARM_THM_CALL    00000000   __aeabi_fdiv
00000726  0000920a R_ARM_THM_CALL    00000000   __aeabi_fmul
00000730  0000920a R_ARM_THM_CALL    00000000   __aeabi_fmul
0000073a  0000920a R_ARM_THM_CALL    00000000   __aeabi_fmul
00000744  0000920a R_ARM_THM_CALL    00000000   __aeabi_fmul
0000074e  0000920a R_ARM_THM_CALL    00000000   __aeabi_fmul
00000758  00005a0a R_ARM_THM_CALL    00000000   __aeabi_fadd
0000077a  0000810a R_ARM_THM_CALL    00000000   __aeabi_fdiv
00000786  00006f0a R_ARM_THM_CALL    00000000   __aeabi_fsub
00000792  0000920a R_ARM_THM_CALL    00000000   __aeabi_fmul
0000079c  0000920a R_ARM_THM_CALL    00000000   __aeabi_fmul
000007a6  0000920a R_ARM_THM_CALL    00000000   __aeabi_fmul
000007b0  0000920a R_ARM_THM_CALL    00000000   __aeabi_fmul
000007bc  00005a0a R_ARM_THM_CALL    00000000   __aeabi_fadd
000007c6  0000920a R_ARM_THM_CALL    00000000   __aeabi_fmul
000007d0  00005a0a R_ARM_THM_CALL    00000000   __aeabi_fadd
000007f4  0000810a R_ARM_THM_CALL    00000000   __aeabi_fdiv
000007fe  0000810a R_ARM_THM_CALL    00000000   __aeabi_fdiv
0000080c  0000960a R_ARM_THM_CALL    00000000   __aeabi_fcmplt
0000081c  0000810a R_ARM_THM_CALL    00000000   __aeabi_fdiv
00000826  0000920a R_ARM_THM_CALL    00000000   __aeabi_fmul
00000830  0000920a R_ARM_THM_CALL    00000000   __aeabi_fmul
0000083a  0000920a R_ARM_THM_CALL    00000000   __aeabi_fmul
00000844  0000920a R_ARM_THM_CALL    00000000   __aeabi_fmul
0000084e  0000920a R_ARM_THM_CALL    00000000   __aeabi_fmul
00000858  00005a0a R_ARM_THM_CALL    00000000   __aeabi_fadd
00000866  0000810a R_ARM_THM_CALL    00000000   __aeabi_fdiv
00000874  00006f0a R_ARM_THM_CALL    00000000   __aeabi_fsub
00000880  0000920a R_ARM_THM_CALL    00000000   __aeabi_fmul
0000088a  0000920a R_ARM_THM_CALL    00000000   __aeabi_fmul
00000894  0000920a R_ARM_THM_CALL    00000000   __aeabi_fmul
0000089e  0000920a R_ARM_THM_CALL    00000000   __aeabi_fmul
000008aa  00005a0a R_ARM_THM_CALL    00000000   __aeabi_fadd
000008b4  0000920a R_ARM_THM_CALL    00000000   __aeabi_fmul
000008be  00005a0a R_ARM_THM_CALL    00000000   __aeabi_fadd
000008e4  0000a00a R_ARM_THM_CALL    00000000   __aeabi_f2d
000008f0  0000810a R_ARM_THM_CALL    00000000   __aeabi_fdiv
000008f8  0000a00a R_ARM_THM_CALL    00000000   __aeabi_f2d
0000090e  0000670a R_ARM_THM_CALL    00000000   __aeabi_ddiv
0000091e  0000690a R_ARM_THM_CALL    00000000   __aeabi_dmul
0000092a  0000770a R_ARM_THM_CALL    00000000   cos
0000093a  0000690a R_ARM_THM_CALL    00000000   __aeabi_dmul
00000948  0000a00a R_ARM_THM_CALL    00000000   __aeabi_f2d
00000958  0000720a R_ARM_THM_CALL    00000000   __aeabi_dadd
00000966  0000a00a R_ARM_THM_CALL    00000000   __aeabi_f2d
00000976  0000720a R_ARM_THM_CALL    00000000   __aeabi_dadd
00000982  00006e0a R_ARM_THM_CALL    00000000   __aeabi_d2f
00000998  00000302 R_ARM_ABS32       00000000   .data
000009ac  0000a00a R_ARM_THM_CALL    00000000   __aeabi_f2d
000009b8  0000810a R_ARM_THM_CALL    00000000   __aeabi_fdiv
000009c0  0000a00a R_ARM_THM_CALL    00000000   __aeabi_f2d
000009d6  0000670a R_ARM_THM_CALL    00000000   __aeabi_ddiv
000009e6  0000690a R_ARM_THM_CALL    00000000   __aeabi_dmul
000009f2  00007a0a R_ARM_THM_CALL    00000000   sin
00000a02  0000690a R_ARM_THM_CALL    00000000   __aeabi_dmul
00000a10  0000a00a R_ARM_THM_CALL    00000000   __aeabi_f2d
00000a20  0000720a R_ARM_THM_CALL    00000000   __aeabi_dadd
00000a2c  00006e0a R_ARM_THM_CALL    00000000   __aeabi_d2f
00000a48  00000302 R_ARM_ABS32       00000000   .data
00000a68  0000810a R_ARM_THM_CALL    00000000   __aeabi_fdiv
00000a70  0000a00a R_ARM_THM_CALL    00000000   __aeabi_f2d
00000a7a  0000a00a R_ARM_THM_CALL    00000000   __aeabi_f2d
00000a90  0000690a R_ARM_THM_CALL    00000000   __aeabi_dmul
00000a9e  0000a00a R_ARM_THM_CALL    00000000   __aeabi_f2d
00000aae  0000670a R_ARM_THM_CALL    00000000   __aeabi_ddiv
00000aba  0000770a R_ARM_THM_CALL    00000000   cos
00000aca  0000780a R_ARM_THM_CALL    00000000   __aeabi_dsub
00000ada  0000690a R_ARM_THM_CALL    00000000   __aeabi_dmul
00000ae8  0000a00a R_ARM_THM_CALL    00000000   __aeabi_f2d
00000af8  0000720a R_ARM_THM_CALL    00000000   __aeabi_dadd
00000b04  00006e0a R_ARM_THM_CALL    00000000   __aeabi_d2f
00000b20  00000302 R_ARM_ABS32       00000000   .data
00000b36  0000910a R_ARM_THM_CALL    00000000   __aeabi_fcmpeq
00000b42  0000a00a R_ARM_THM_CALL    00000000   __aeabi_f2d
00000b4e  0000810a R_ARM_THM_CALL    00000000   __aeabi_fdiv
00000b5a  00006f0a R_ARM_THM_CALL    00000000   __aeabi_fsub
00000b64  0000920a R_ARM_THM_CALL    00000000   __aeabi_fmul
00000b6c  0000a00a R_ARM_THM_CALL    00000000   __aeabi_f2d
00000b80  00007c0a R_ARM_THM_CALL    00000000   pow
00000b90  0000690a R_ARM_THM_CALL    00000000   __aeabi_dmul
00000b9e  0000a00a R_ARM_THM_CALL    00000000   __aeabi_f2d
00000bae  0000720a R_ARM_THM_CALL    00000000   __aeabi_dadd
00000bba  00006e0a R_ARM_THM_CALL    00000000   __aeabi_d2f
00000bee  0000910a R_ARM_THM_CALL    00000000   __aeabi_fcmpeq
00000bfc  00005a0a R_ARM_THM_CALL    00000000   __aeabi_fadd
00000c06  0000a00a R_ARM_THM_CALL    00000000   __aeabi_f2d
00000c12  0000920a R_ARM_THM_CALL    00000000   __aeabi_fmul
00000c1c  0000810a R_ARM_THM_CALL    00000000   __aeabi_fdiv
00000c24  0000a00a R_ARM_THM_CALL    00000000   __aeabi_f2d
00000c38  00007c0a R_ARM_THM_CALL    00000000   pow
00000c48  0000780a R_ARM_THM_CALL    00000000   __aeabi_dsub
00000c58  0000690a R_ARM_THM_CALL    00000000   __aeabi_dmul
00000c66  0000a00a R_ARM_THM_CALL    00000000   __aeabi_f2d
00000c76  0000720a R_ARM_THM_CALL    00000000   __aeabi_dadd
00000c82  00006e0a R_ARM_THM_CALL    00000000   __aeabi_d2f
00000cb6  0000910a R_ARM_THM_CALL    00000000   __aeabi_fcmpeq
00000cc8  0000910a R_ARM_THM_CALL    00000000   __aeabi_fcmpeq
00000cd6  00005a0a R_ARM_THM_CALL    00000000   __aeabi_fadd
00000ce4  0000810a R_ARM_THM_CALL    00000000   __aeabi_fdiv
00000cee  0000810a R_ARM_THM_CALL    00000000   __aeabi_fdiv
00000cfc  0000960a R_ARM_THM_CALL    00000000   __aeabi_fcmplt
00000d0c  0000810a R_ARM_THM_CALL    00000000   __aeabi_fdiv
00000d14  0000a00a R_ARM_THM_CALL    00000000   __aeabi_f2d
00000d22  00006f0a R_ARM_THM_CALL    00000000   __aeabi_fsub
00000d2c  0000920a R_ARM_THM_CALL    00000000   __aeabi_fmul
00000d34  0000a00a R_ARM_THM_CALL    00000000   __aeabi_f2d
00000d48  00007c0a R_ARM_THM_CALL    00000000   pow
00000d58  0000690a R_ARM_THM_CALL    00000000   __aeabi_dmul
00000d66  0000a00a R_ARM_THM_CALL    00000000   __aeabi_f2d
00000d76  0000720a R_ARM_THM_CALL    00000000   __aeabi_dadd
00000d82  00006e0a R_ARM_THM_CALL    00000000   __aeabi_d2f
00000d90  0000810a R_ARM_THM_CALL    00000000   __aeabi_fdiv
00000d98  0000a00a R_ARM_THM_CALL    00000000   __aeabi_f2d
00000da6  00006f0a R_ARM_THM_CALL    00000000   __aeabi_fsub
00000db2  0000920a R_ARM_THM_CALL    00000000   __aeabi_fmul
00000dba  0000a00a R_ARM_THM_CALL    00000000   __aeabi_f2d
00000dce  00007c0a R_ARM_THM_CALL    00000000   pow
00000dde  0000780a R_ARM_THM_CALL    00000000   __aeabi_dsub
00000dee  0000690a R_ARM_THM_CALL    00000000   __aeabi_dmul
00000dfc  0000a00a R_ARM_THM_CALL    00000000   __aeabi_f2d
00000e0c  0000720a R_ARM_THM_CALL    00000000   __aeabi_dadd
00000e18  00006e0a R_ARM_THM_CALL    00000000   __aeabi_d2f
00000e4e  0000810a R_ARM_THM_CALL    00000000   __aeabi_fdiv
00000e5a  0000920a R_ARM_THM_CALL    00000000   __aeabi_fmul
00000e64  0000920a R_ARM_THM_CALL    00000000   __aeabi_fmul
00000e72  00005a0a R_ARM_THM_CALL    00000000   __aeabi_fadd
00000e7c  0000920a R_ARM_THM_CALL    00000000   __aeabi_fmul
00000e86  00006f0a R_ARM_THM_CALL    00000000   __aeabi_fsub
00000e90  0000920a R_ARM_THM_CALL    00000000   __aeabi_fmul
00000e9a  00005a0a R_ARM_THM_CALL    00000000   __aeabi_fadd
00000ec2  0000810a R_ARM_THM_CALL    00000000   __aeabi_fdiv
00000ece  00006f0a R_ARM_THM_CALL    00000000   __aeabi_fsub
00000eda  0000920a R_ARM_THM_CALL    00000000   __aeabi_fmul
00000ee8  00005a0a R_ARM_THM_CALL    00000000   __aeabi_fadd
00000ef2  0000920a R_ARM_THM_CALL    00000000   __aeabi_fmul
00000efc  00005a0a R_ARM_THM_CALL    00000000   __aeabi_fadd
00000f06  0000920a R_ARM_THM_CALL    00000000   __aeabi_fmul
00000f12  00005a0a R_ARM_THM_CALL    00000000   __aeabi_fadd
00000f1c  0000920a R_ARM_THM_CALL    00000000   __aeabi_fmul
00000f26  00005a0a R_ARM_THM_CALL    00000000   __aeabi_fadd
00000f50  0000810a R_ARM_THM_CALL    00000000   __aeabi_fdiv
00000f5a  0000810a R_ARM_THM_CALL    00000000   __aeabi_fdiv
00000f68  0000960a R_ARM_THM_CALL    00000000   __aeabi_fcmplt
00000f78  0000810a R_ARM_THM_CALL    00000000   __aeabi_fdiv
00000f84  0000920a R_ARM_THM_CALL    00000000   __aeabi_fmul
00000f8e  0000a00a R_ARM_THM_CALL    00000000   __aeabi_f2d
00000f9e  0000690a R_ARM_THM_CALL    00000000   __aeabi_dmul
00000faa  00006e0a R_ARM_THM_CALL    00000000   __aeabi_d2f
00000fb8  00005a0a R_ARM_THM_CALL    00000000   __aeabi_fadd
00000fc2  0000920a R_ARM_THM_CALL    00000000   __aeabi_fmul
00000fcc  00006f0a R_ARM_THM_CALL    00000000   __aeabi_fsub
00000fd6  0000920a R_ARM_THM_CALL    00000000   __aeabi_fmul
00000fe0  0000920a R_ARM_THM_CALL    00000000   __aeabi_fmul
00000fea  00005a0a R_ARM_THM_CALL    00000000   __aeabi_fadd
00000ff8  0000810a R_ARM_THM_CALL    00000000   __aeabi_fdiv
00001006  00006f0a R_ARM_THM_CALL    00000000   __aeabi_fsub
00001012  0000920a R_ARM_THM_CALL    00000000   __aeabi_fmul
0000101c  0000a00a R_ARM_THM_CALL    00000000   __aeabi_f2d
0000102c  0000690a R_ARM_THM_CALL    00000000   __aeabi_dmul
00001038  00006e0a R_ARM_THM_CALL    00000000   __aeabi_d2f
00001046  00005a0a R_ARM_THM_CALL    00000000   __aeabi_fadd
00001050  0000920a R_ARM_THM_CALL    00000000   __aeabi_fmul
0000105a  00005a0a R_ARM_THM_CALL    00000000   __aeabi_fadd
00001064  0000920a R_ARM_THM_CALL    00000000   __aeabi_fmul
00001070  00005a0a R_ARM_THM_CALL    00000000   __aeabi_fadd
0000107a  0000920a R_ARM_THM_CALL    00000000   __aeabi_fmul
00001084  00005a0a R_ARM_THM_CALL    00000000   __aeabi_fadd
000010b6  0000810a R_ARM_THM_CALL    00000000   __aeabi_fdiv
000010c0  0000a00a R_ARM_THM_CALL    00000000   __aeabi_f2d
000010d0  0000650a R_ARM_THM_CALL    00000000   __aeabi_dcmplt
000010dc  0000a00a R_ARM_THM_CALL    00000000   __aeabi_f2d
000010e6  0000a00a R_ARM_THM_CALL    00000000   __aeabi_f2d
000010f6  0000690a R_ARM_THM_CALL    00000000   __aeabi_dmul
00001104  0000a00a R_ARM_THM_CALL    00000000   __aeabi_f2d
00001114  0000690a R_ARM_THM_CALL    00000000   __aeabi_dmul
00001124  0000690a R_ARM_THM_CALL    00000000   __aeabi_dmul
00001132  0000a00a R_ARM_THM_CALL    00000000   __aeabi_f2d
00001142  0000720a R_ARM_THM_CALL    00000000   __aeabi_dadd
0000114e  00006e0a R_ARM_THM_CALL    00000000   __aeabi_d2f
00001158  0000a00a R_ARM_THM_CALL    00000000   __aeabi_f2d
00001168  0000650a R_ARM_THM_CALL    00000000   __aeabi_dcmplt
00001174  0000a00a R_ARM_THM_CALL    00000000   __aeabi_f2d
0000117e  0000a00a R_ARM_THM_CALL    00000000   __aeabi_f2d
0000118e  0000780a R_ARM_THM_CALL    00000000   __aeabi_dsub
0000119a  00006e0a R_ARM_THM_CALL    00000000   __aeabi_d2f
000011a4  0000a00a R_ARM_THM_CALL    00000000   __aeabi_f2d
000011b4  0000690a R_ARM_THM_CALL    00000000   __aeabi_dmul
000011c2  0000a00a R_ARM_THM_CALL    00000000   __aeabi_f2d
000011d2  0000690a R_ARM_THM_CALL    00000000   __aeabi_dmul
000011e2  0000720a R_ARM_THM_CALL    00000000   __aeabi_dadd
000011f2  0000690a R_ARM_THM_CALL    00000000   __aeabi_dmul
00001200  0000a00a R_ARM_THM_CALL    00000000   __aeabi_f2d
00001210  0000720a R_ARM_THM_CALL    00000000   __aeabi_dadd
0000121c  00006e0a R_ARM_THM_CALL    00000000   __aeabi_d2f
00001226  0000a00a R_ARM_THM_CALL    00000000   __aeabi_f2d
00001236  0000650a R_ARM_THM_CALL    00000000   __aeabi_dcmplt
00001242  0000a00a R_ARM_THM_CALL    00000000   __aeabi_f2d
0000124c  0000a00a R_ARM_THM_CALL    00000000   __aeabi_f2d
0000125c  0000780a R_ARM_THM_CALL    00000000   __aeabi_dsub
00001268  00006e0a R_ARM_THM_CALL    00000000   __aeabi_d2f
00001272  0000a00a R_ARM_THM_CALL    00000000   __aeabi_f2d
00001282  0000690a R_ARM_THM_CALL    00000000   __aeabi_dmul
00001290  0000a00a R_ARM_THM_CALL    00000000   __aeabi_f2d
000012a0  0000690a R_ARM_THM_CALL    00000000   __aeabi_dmul
000012b0  0000720a R_ARM_THM_CALL    00000000   __aeabi_dadd
000012c0  0000690a R_ARM_THM_CALL    00000000   __aeabi_dmul
000012ce  0000a00a R_ARM_THM_CALL    00000000   __aeabi_f2d
000012de  0000720a R_ARM_THM_CALL    00000000   __aeabi_dadd
000012ea  00006e0a R_ARM_THM_CALL    00000000   __aeabi_d2f
000012f4  0000a00a R_ARM_THM_CALL    00000000   __aeabi_f2d
000012fe  0000a00a R_ARM_THM_CALL    00000000   __aeabi_f2d
0000130e  0000780a R_ARM_THM_CALL    00000000   __aeabi_dsub
0000131a  00006e0a R_ARM_THM_CALL    00000000   __aeabi_d2f
00001324  0000a00a R_ARM_THM_CALL    00000000   __aeabi_f2d
00001334  0000690a R_ARM_THM_CALL    00000000   __aeabi_dmul
00001342  0000a00a R_ARM_THM_CALL    00000000   __aeabi_f2d
00001352  0000690a R_ARM_THM_CALL    00000000   __aeabi_dmul
00001362  0000720a R_ARM_THM_CALL    00000000   __aeabi_dadd
00001372  0000690a R_ARM_THM_CALL    00000000   __aeabi_dmul
00001380  0000a00a R_ARM_THM_CALL    00000000   __aeabi_f2d
00001390  0000720a R_ARM_THM_CALL    00000000   __aeabi_dadd
0000139c  00006e0a R_ARM_THM_CALL    00000000   __aeabi_d2f
00001412  00006f0a R_ARM_THM_CALL    00000000   __aeabi_fsub
00001420  0000700a R_ARM_THM_CALL    000010a5   EaseBounceOut
0000142a  00006f0a R_ARM_THM_CALL    00000000   __aeabi_fsub
00001434  00005a0a R_ARM_THM_CALL    00000000   __aeabi_fadd
00001458  0000810a R_ARM_THM_CALL    00000000   __aeabi_fdiv
00001462  00005c0a R_ARM_THM_CALL    00000000   __aeabi_fcmpgt
00001472  00005a0a R_ARM_THM_CALL    00000000   __aeabi_fadd
00001480  0000710a R_ARM_THM_CALL    00001401   EaseBounceIn
00001488  0000a00a R_ARM_THM_CALL    00000000   __aeabi_f2d
00001498  0000690a R_ARM_THM_CALL    00000000   __aeabi_dmul
000014a6  0000a00a R_ARM_THM_CALL    00000000   __aeabi_f2d
000014b6  0000720a R_ARM_THM_CALL    00000000   __aeabi_dadd
000014c2  00006e0a R_ARM_THM_CALL    00000000   __aeabi_d2f
000014d0  00005a0a R_ARM_THM_CALL    00000000   __aeabi_fadd
000014da  00006f0a R_ARM_THM_CALL    00000000   __aeabi_fsub
000014e8  0000700a R_ARM_THM_CALL    000010a5   EaseBounceOut
000014f0  0000a00a R_ARM_THM_CALL    00000000   __aeabi_f2d
00001500  0000690a R_ARM_THM_CALL    00000000   __aeabi_dmul
0000150e  0000a00a R_ARM_THM_CALL    00000000   __aeabi_f2d
0000151e  0000690a R_ARM_THM_CALL    00000000   __aeabi_dmul
0000152e  0000720a R_ARM_THM_CALL    00000000   __aeabi_dadd
0000153c  0000a00a R_ARM_THM_CALL    00000000   __aeabi_f2d
0000154c  0000720a R_ARM_THM_CALL    00000000   __aeabi_dadd
00001558  00006e0a R_ARM_THM_CALL    00000000   __aeabi_d2f
00001588  0000a00a R_ARM_THM_CALL    00000000   __aeabi_f2d
00001594  0000810a R_ARM_THM_CALL    00000000   __aeabi_fdiv
000015a0  0000920a R_ARM_THM_CALL    00000000   __aeabi_fmul
000015ac  00006f0a R_ARM_THM_CALL    00000000   __aeabi_fsub
000015b4  0000a00a R_ARM_THM_CALL    00000000   __aeabi_f2d
000015c0  00004f0a R_ARM_THM_CALL    00000000   sqrt
000015d0  0000780a R_ARM_THM_CALL    00000000   __aeabi_dsub
000015e0  0000690a R_ARM_THM_CALL    00000000   __aeabi_dmul
000015ee  0000a00a R_ARM_THM_CALL    00000000   __aeabi_f2d
000015fe  0000720a R_ARM_THM_CALL    00000000   __aeabi_dadd
0000160a  00006e0a R_ARM_THM_CALL    00000000   __aeabi_d2f
00001630  0000a00a R_ARM_THM_CALL    00000000   __aeabi_f2d
0000163c  0000810a R_ARM_THM_CALL    00000000   __aeabi_fdiv
00001648  00006f0a R_ARM_THM_CALL    00000000   __aeabi_fsub
00001654  0000920a R_ARM_THM_CALL    00000000   __aeabi_fmul
00001660  00006f0a R_ARM_THM_CALL    00000000   __aeabi_fsub
00001668  0000a00a R_ARM_THM_CALL    00000000   __aeabi_f2d
00001674  00004f0a R_ARM_THM_CALL    00000000   sqrt
00001684  0000690a R_ARM_THM_CALL    00000000   __aeabi_dmul
00001692  0000a00a R_ARM_THM_CALL    00000000   __aeabi_f2d
000016a2  0000720a R_ARM_THM_CALL    00000000   __aeabi_dadd
000016ae  00006e0a R_ARM_THM_CALL    00000000   __aeabi_d2f
000016d0  0000810a R_ARM_THM_CALL    00000000   __aeabi_fdiv
000016da  0000810a R_ARM_THM_CALL    00000000   __aeabi_fdiv
000016e8  0000960a R_ARM_THM_CALL    00000000   __aeabi_fcmplt
00001700  0000810a R_ARM_THM_CALL    00000000   __aeabi_fdiv
00001708  0000a00a R_ARM_THM_CALL    00000000   __aeabi_f2d
00001714  0000920a R_ARM_THM_CALL    00000000   __aeabi_fmul
00001720  00006f0a R_ARM_THM_CALL    00000000   __aeabi_fsub
00001728  0000a00a R_ARM_THM_CALL    00000000   __aeabi_f2d
00001734  00004f0a R_ARM_THM_CALL    00000000   sqrt
00001744  0000780a R_ARM_THM_CALL    00000000   __aeabi_dsub
00001754  0000690a R_ARM_THM_CALL    00000000   __aeabi_dmul
00001762  0000a00a R_ARM_THM_CALL    00000000   __aeabi_f2d
00001772  0000720a R_ARM_THM_CALL    00000000   __aeabi_dadd
0000177e  00006e0a R_ARM_THM_CALL    00000000   __aeabi_d2f
0000178c  0000810a R_ARM_THM_CALL    00000000   __aeabi_fdiv
00001794  0000a00a R_ARM_THM_CALL    00000000   __aeabi_f2d
000017a2  00006f0a R_ARM_THM_CALL    00000000   __aeabi_fsub
000017ae  0000920a R_ARM_THM_CALL    00000000   __aeabi_fmul
000017ba  00006f0a R_ARM_THM_CALL    00000000   __aeabi_fsub
000017c2  0000a00a R_ARM_THM_CALL    00000000   __aeabi_f2d
000017ce  00004f0a R_ARM_THM_CALL    00000000   sqrt
000017de  0000720a R_ARM_THM_CALL    00000000   __aeabi_dadd
000017ee  0000690a R_ARM_THM_CALL    00000000   __aeabi_dmul
000017fc  0000a00a R_ARM_THM_CALL    00000000   __aeabi_f2d
0000180c  0000720a R_ARM_THM_CALL    00000000   __aeabi_dadd
00001818  00006e0a R_ARM_THM_CALL    00000000   __aeabi_d2f
00001842  0000910a R_ARM_THM_CALL    00000000   __aeabi_fcmpeq
00001854  0000810a R_ARM_THM_CALL    00000000   __aeabi_fdiv
00001862  0000910a R_ARM_THM_CALL    00000000   __aeabi_fcmpeq
00001870  00005a0a R_ARM_THM_CALL    00000000   __aeabi_fadd
0000187a  0000a00a R_ARM_THM_CALL    00000000   __aeabi_f2d
0000188a  0000690a R_ARM_THM_CALL    00000000   __aeabi_dmul
00001896  00006e0a R_ARM_THM_CALL    00000000   __aeabi_d2f
000018a8  0000810a R_ARM_THM_CALL    00000000   __aeabi_fdiv
000018b2  0000a00a R_ARM_THM_CALL    00000000   __aeabi_f2d
000018bc  0000a00a R_ARM_THM_CALL    00000000   __aeabi_f2d
000018ca  00006f0a R_ARM_THM_CALL    00000000   __aeabi_fsub
000018d6  0000920a R_ARM_THM_CALL    00000000   __aeabi_fmul
000018de  0000a00a R_ARM_THM_CALL    00000000   __aeabi_f2d
000018f2  00007c0a R_ARM_THM_CALL    00000000   pow
00001902  0000690a R_ARM_THM_CALL    00000000   __aeabi_dmul
00001912  0000920a R_ARM_THM_CALL    00000000   __aeabi_fmul
0000191c  00006f0a R_ARM_THM_CALL    00000000   __aeabi_fsub
00001924  0000a00a R_ARM_THM_CALL    00000000   __aeabi_f2d
0000193a  0000720a R_ARM_THM_CALL    00000000   __aeabi_dadd
0000194a  0000690a R_ARM_THM_CALL    00000000   __aeabi_dmul
00001958  0000a00a R_ARM_THM_CALL    00000000   __aeabi_f2d
00001968  0000670a R_ARM_THM_CALL    00000000   __aeabi_ddiv
00001974  00007a0a R_ARM_THM_CALL    00000000   sin
00001984  0000690a R_ARM_THM_CALL    00000000   __aeabi_dmul
00001994  0000780a R_ARM_THM_CALL    00000000   __aeabi_dsub
000019a0  00006e0a R_ARM_THM_CALL    00000000   __aeabi_d2f
000019c4  00000302 R_ARM_ABS32       00000000   .data
000019da  0000910a R_ARM_THM_CALL    00000000   __aeabi_fcmpeq
000019ec  0000810a R_ARM_THM_CALL    00000000   __aeabi_fdiv
000019fa  0000910a R_ARM_THM_CALL    00000000   __aeabi_fcmpeq
00001a08  00005a0a R_ARM_THM_CALL    00000000   __aeabi_fadd
00001a12  0000a00a R_ARM_THM_CALL    00000000   __aeabi_f2d
00001a22  0000690a R_ARM_THM_CALL    00000000   __aeabi_dmul
00001a2e  00006e0a R_ARM_THM_CALL    00000000   __aeabi_d2f
00001a40  0000810a R_ARM_THM_CALL    00000000   __aeabi_fdiv
00001a4a  0000a00a R_ARM_THM_CALL    00000000   __aeabi_f2d
00001a56  0000920a R_ARM_THM_CALL    00000000   __aeabi_fmul
00001a5e  0000a00a R_ARM_THM_CALL    00000000   __aeabi_f2d
00001a72  00007c0a R_ARM_THM_CALL    00000000   pow
00001a82  0000690a R_ARM_THM_CALL    00000000   __aeabi_dmul
00001a92  0000920a R_ARM_THM_CALL    00000000   __aeabi_fmul
00001a9c  00006f0a R_ARM_THM_CALL    00000000   __aeabi_fsub
00001aa4  0000a00a R_ARM_THM_CALL    00000000   __aeabi_f2d
00001aba  0000720a R_ARM_THM_CALL    00000000   __aeabi_dadd
00001aca  0000690a R_ARM_THM_CALL    00000000   __aeabi_dmul
00001ad8  0000a00a R_ARM_THM_CALL    00000000   __aeabi_f2d
00001ae8  0000670a R_ARM_THM_CALL    00000000   __aeabi_ddiv
00001af4  00007a0a R_ARM_THM_CALL    00000000   sin
00001b04  0000690a R_ARM_THM_CALL    00000000   __aeabi_dmul
00001b12  0000a00a R_ARM_THM_CALL    00000000   __aeabi_f2d
00001b22  0000720a R_ARM_THM_CALL    00000000   __aeabi_dadd
00001b30  0000a00a R_ARM_THM_CALL    00000000   __aeabi_f2d
00001b40  0000720a R_ARM_THM_CALL    00000000   __aeabi_dadd
00001b4c  00006e0a R_ARM_THM_CALL    00000000   __aeabi_d2f
00001b74  00000302 R_ARM_ABS32       00000000   .data
00001b8a  0000910a R_ARM_THM_CALL    00000000   __aeabi_fcmpeq
00001b9e  0000810a R_ARM_THM_CALL    00000000   __aeabi_fdiv
00001ba8  0000810a R_ARM_THM_CALL    00000000   __aeabi_fdiv
00001bb6  0000910a R_ARM_THM_CALL    00000000   __aeabi_fcmpeq
00001bc4  00005a0a R_ARM_THM_CALL    00000000   __aeabi_fadd
00001bce  0000a00a R_ARM_THM_CALL    00000000   __aeabi_f2d
00001bde  0000690a R_ARM_THM_CALL    00000000   __aeabi_dmul
00001bea  00006e0a R_ARM_THM_CALL    00000000   __aeabi_d2f
00001bfc  0000810a R_ARM_THM_CALL    00000000   __aeabi_fdiv
00001c0a  0000960a R_ARM_THM_CALL    00000000   __aeabi_fcmplt
00001c18  0000a00a R_ARM_THM_CALL    00000000   __aeabi_f2d
00001c26  00006f0a R_ARM_THM_CALL    00000000   __aeabi_fsub
00001c32  0000920a R_ARM_THM_CALL    00000000   __aeabi_fmul
00001c3a  0000a00a R_ARM_THM_CALL    00000000   __aeabi_f2d
00001c4e  00007c0a R_ARM_THM_CALL    00000000   pow
00001c5e  0000690a R_ARM_THM_CALL    00000000   __aeabi_dmul
00001c6e  0000920a R_ARM_THM_CALL    00000000   __aeabi_fmul
00001c78  00006f0a R_ARM_THM_CALL    00000000   __aeabi_fsub
00001c80  0000a00a R_ARM_THM_CALL    00000000   __aeabi_f2d
00001c96  0000720a R_ARM_THM_CALL    00000000   __aeabi_dadd
00001ca6  0000690a R_ARM_THM_CALL    00000000   __aeabi_dmul
00001cb4  0000a00a R_ARM_THM_CALL    00000000   __aeabi_f2d
00001cc4  0000670a R_ARM_THM_CALL    00000000   __aeabi_ddiv
00001cd0  00007a0a R_ARM_THM_CALL    00000000   sin
00001ce0  0000690a R_ARM_THM_CALL    00000000   __aeabi_dmul
00001cf0  0000690a R_ARM_THM_CALL    00000000   __aeabi_dmul
00001cfe  0000a00a R_ARM_THM_CALL    00000000   __aeabi_f2d
00001d0e  0000720a R_ARM_THM_CALL    00000000   __aeabi_dadd
00001d1a  00006e0a R_ARM_THM_CALL    00000000   __aeabi_d2f
00001d24  0000a00a R_ARM_THM_CALL    00000000   __aeabi_f2d
00001d32  00006f0a R_ARM_THM_CALL    00000000   __aeabi_fsub
00001d3e  0000920a R_ARM_THM_CALL    00000000   __aeabi_fmul
00001d46  0000a00a R_ARM_THM_CALL    00000000   __aeabi_f2d
00001d5a  00007c0a R_ARM_THM_CALL    00000000   pow
00001d6a  0000690a R_ARM_THM_CALL    00000000   __aeabi_dmul
00001d7a  0000920a R_ARM_THM_CALL    00000000   __aeabi_fmul
00001d84  00006f0a R_ARM_THM_CALL    00000000   __aeabi_fsub
00001d8c  0000a00a R_ARM_THM_CALL    00000000   __aeabi_f2d
00001da2  0000720a R_ARM_THM_CALL    00000000   __aeabi_dadd
00001db2  0000690a R_ARM_THM_CALL    00000000   __aeabi_dmul
00001dc0  0000a00a R_ARM_THM_CALL    00000000   __aeabi_f2d
00001dd0  0000670a R_ARM_THM_CALL    00000000   __aeabi_ddiv
00001ddc  00007a0a R_ARM_THM_CALL    00000000   sin
00001dec  0000690a R_ARM_THM_CALL    00000000   __aeabi_dmul
00001dfc  0000690a R_ARM_THM_CALL    00000000   __aeabi_dmul
00001e0a  0000a00a R_ARM_THM_CALL    00000000   __aeabi_f2d
00001e1a  0000720a R_ARM_THM_CALL    00000000   __aeabi_dadd
00001e28  0000a00a R_ARM_THM_CALL    00000000   __aeabi_f2d
00001e38  0000720a R_ARM_THM_CALL    00000000   __aeabi_dadd
00001e44  00006e0a R_ARM_THM_CALL    00000000   __aeabi_d2f
00001e7c  00000302 R_ARM_ABS32       00000000   .data
00001ea2  0000640a R_ARM_THM_CALL    00000000   res_get_user_bitmap
00001ec6  00005b0a R_ARM_THM_CALL    00000000   memcpy
00001eda  0000750a R_ARM_THM_CALL    00000000   app_layer_create_bitma
00001f22  00008d0a R_ARM_THM_CALL    00000000   sprintf
00001f2c  0000660a R_ARM_THM_CALL    00000000   maibu_print_log
00001f38  00000202 R_ARM_ABS32       00000000   .rodata
00001f6a  0000a00a R_ARM_THM_CALL    00000000   __aeabi_f2d
00001f7e  00008d0a R_ARM_THM_CALL    00000000   sprintf
00001f88  0000660a R_ARM_THM_CALL    00000000   maibu_print_log
00001f94  00000202 R_ARM_ABS32       00000000   .rodata
00001fa6  00007b0a R_ARM_THM_CALL    00000000   app_window_stack_get_w
00001fac  0000a20a R_ARM_THM_CALL    00002569   update_redraw
00001fb6  0000a40a R_ARM_THM_CALL    00000000   app_window_stack_repla
00001fc8  00000302 R_ARM_ABS32       00000000   .data
00001fe4  0000660a R_ARM_THM_CALL    00000000   maibu_print_log
00001ff8  0000540a R_ARM_THM_CALL    00000000   app_service_timer_unsu
00002018  0000840a R_ARM_THM_CALL    00000000   app_service_get_dateti
0000204e  0000610a R_ARM_THM_CALL    00000000   __aeabi_i2f
00002058  0000810a R_ARM_THM_CALL    00000000   __aeabi_fdiv
00002074  0000510a R_ARM_THM_CALL    00000071   ZTweenReset
00002092  0000610a R_ARM_THM_CALL    00000000   __aeabi_i2f
0000209c  0000810a R_ARM_THM_CALL    00000000   __aeabi_fdiv
000020b8  0000510a R_ARM_THM_CALL    00000071   ZTweenReset
000020cc  0000540a R_ARM_THM_CALL    00000000   app_service_timer_unsu
000020e6  00009c0a R_ARM_THM_CALL    00000000   app_service_timer_subs
000020fc  00000402 R_ARM_ABS32       00000000   .bss
00002100  00000202 R_ARM_ABS32       00000000   .rodata
00002104  00000302 R_ARM_ABS32       00000000   .data
00002108  00000402 R_ARM_ABS32       00000000   .bss
0000210c  00000402 R_ARM_ABS32       00000000   .bss
00002110  00000402 R_ARM_ABS32       00000000   .bss
00002114  00000402 R_ARM_ABS32       00000000   .bss
00002118  00000302 R_ARM_ABS32       00000000   .data
00002120  00006302 R_ARM_ABS32       00000ead   EaseBackOut
0000212c  00000302 R_ARM_ABS32       00000000   .data
00002130  00008202 R_ARM_ABS32       000022a1   app_timer_change
0000213e  0000840a R_ARM_THM_CALL    00000000   app_service_get_dateti
00002156  0000940a R_ARM_THM_CALL    00001eed   ZLogd
00002172  0000610a R_ARM_THM_CALL    00000000   __aeabi_i2f
00002188  0000610a R_ARM_THM_CALL    00000000   __aeabi_i2f
00002192  0000810a R_ARM_THM_CALL    00000000   __aeabi_fdiv
000021aa  00006a0a R_ARM_THM_CALL    00000001   ZTweenCreate
000021be  0000990a R_ARM_THM_CALL    000000d9   ZTweenBindProgress
000021cc  0000520a R_ARM_THM_CALL    000000f1   ZTweenBindComplete
000021d8  0000610a R_ARM_THM_CALL    00000000   __aeabi_i2f
000021ee  0000610a R_ARM_THM_CALL    00000000   __aeabi_i2f
000021f8  0000810a R_ARM_THM_CALL    00000000   __aeabi_fdiv
0000220e  00006a0a R_ARM_THM_CALL    00000001   ZTweenCreate
00002222  0000990a R_ARM_THM_CALL    000000d9   ZTweenBindProgress
00002230  0000520a R_ARM_THM_CALL    000000f1   ZTweenBindComplete
00002242  00009c0a R_ARM_THM_CALL    00000000   app_service_timer_subs
00002252  00004e0a R_ARM_THM_CALL    00000000   maibu_service_sys_even
0000225c  00000402 R_ARM_ABS32       00000000   .bss
00002260  00000202 R_ARM_ABS32       00000000   .rodata
00002264  00000402 R_ARM_ABS32       00000000   .bss
00002268  00000402 R_ARM_ABS32       00000000   .bss
0000226c  00000302 R_ARM_ABS32       00000000   .data
00002274  00006302 R_ARM_ABS32       00000ead   EaseBackOut
00002278  00000402 R_ARM_ABS32       00000000   .bss
0000227c  00009302 R_ARM_ABS32       00001f99   onTweenProgress
00002280  00008802 R_ARM_ABS32       00001fcd   onTweenComplete
0000228c  00000402 R_ARM_ABS32       00000000   .bss
00002290  00000302 R_ARM_ABS32       00000000   .data
00002294  00008202 R_ARM_ABS32       000022a1   app_timer_change
00002298  00000302 R_ARM_ABS32       00000000   .data
0000229c  00005f02 R_ARM_ABS32       000022d1   app_time_update
000022b2  0000800a R_ARM_THM_CALL    00000109   ZTweenUpdate
000022bc  0000800a R_ARM_THM_CALL    00000109   ZTweenUpdate
000022c8  00000402 R_ARM_ABS32       00000000   .bss
000022cc  00000402 R_ARM_ABS32       00000000   .bss
000022ee  0000840a R_ARM_THM_CALL    00000000   app_service_get_dateti
000022fc  0000970a R_ARM_THM_CALL    00000000   __aeabi_uidivmod
00002358  0000610a R_ARM_THM_CALL    00000000   __aeabi_i2f
00002362  0000810a R_ARM_THM_CALL    00000000   __aeabi_fdiv
0000237e  00006f0a R_ARM_THM_CALL    00000000   __aeabi_fsub
0000239a  0000610a R_ARM_THM_CALL    00000000   __aeabi_i2f
000023a4  0000810a R_ARM_THM_CALL    00000000   __aeabi_fdiv
000023c0  00006f0a R_ARM_THM_CALL    00000000   __aeabi_fsub
000023ce  00007b0a R_ARM_THM_CALL    00000000   app_window_stack_get_w
000023d4  0000a20a R_ARM_THM_CALL    00002569   update_redraw
000023de  0000a40a R_ARM_THM_CALL    00000000   app_window_stack_repla
00002402  0000610a R_ARM_THM_CALL    00000000   __aeabi_i2f
0000241c  0000510a R_ARM_THM_CALL    00000071   ZTweenReset
00002432  0000610a R_ARM_THM_CALL    00000000   __aeabi_i2f
0000244c  0000510a R_ARM_THM_CALL    00000071   ZTweenReset
00002460  0000540a R_ARM_THM_CALL    00000000   app_service_timer_unsu
0000247a  00009c0a R_ARM_THM_CALL    00000000   app_service_timer_subs
0000248c  00000402 R_ARM_ABS32       00000000   .bss
00002490  00000402 R_ARM_ABS32       00000000   .bss
00002494  00000302 R_ARM_ABS32       00000000   .data
00002498  00000402 R_ARM_ABS32       00000000   .bss
000024a0  00000402 R_ARM_ABS32       00000000   .bss
000024a8  00000302 R_ARM_ABS32       00000000   .data
000024ac  00000402 R_ARM_ABS32       00000000   .bss
000024b4  00006b02 R_ARM_ABS32       00000e39   EaseBackIn
000024bc  00000302 R_ARM_ABS32       00000000   .data
000024c0  00000302 R_ARM_ABS32       00000000   .data
000024c4  00008202 R_ARM_ABS32       000022a1   app_timer_change
0000256e  00009d0a R_ARM_THM_CALL    00000000   maibu_clear_log
00002572  0000850a R_ARM_THM_CALL    00000000   app_window_create
00002594  00005b0a R_ARM_THM_CALL    00000000   memcpy
000025b6  00005e0a R_ARM_THM_CALL    00000000   app_window_add_layer
000025d0  00009a0a R_ARM_THM_CALL    00000000   __aeabi_f2uiz
000025f4  0000740a R_ARM_THM_CALL    00000000   __aeabi_idiv
000025fc  0000890a R_ARM_THM_CALL    000024c9   getTimeResource
0000261e  00005e0a R_ARM_THM_CALL    00000000   app_window_add_layer
00002630  00009a0a R_ARM_THM_CALL    00000000   __aeabi_f2uiz
00002654  0000a50a R_ARM_THM_CALL    00000000   __aeabi_idivmod
0000265c  0000890a R_ARM_THM_CALL    000024c9   getTimeResource
0000267e  00005e0a R_ARM_THM_CALL    00000000   app_window_add_layer
0000268c  00000202 R_ARM_ABS32       00000000   .rodata
00002694  00000302 R_ARM_ABS32       00000000   .data
00002698  00000402 R_ARM_ABS32       00000000   .bss
0000269c  00000402 R_ARM_ABS32       00000000   .bss
000026a0  00000402 R_ARM_ABS32       00000000   .bss
000026aa  0000a10a R_ARM_THM_CALL    00002135   init_param
000026ae  0000a20a R_ARM_THM_CALL    00002569   update_redraw
000026c0  0000860a R_ARM_THM_CALL    00000000   app_window_stack_push
000026d4  00000302 R_ARM_ABS32       00000000   .data

There are no unwind sections in this file.

Symbol table '.symtab' contains 167 entries:
   Num:    Value  Size Type    Bind   Vis      Ndx Name
     0: 00000000     0 NOTYPE  LOCAL  DEFAULT  UND 
     1: 00000000     0 SECTION LOCAL  DEFAULT    1 
     2: 00000000     0 SECTION LOCAL  DEFAULT    3 
     3: 00000000     0 SECTION LOCAL  DEFAULT    4 
     4: 00000000     0 SECTION LOCAL  DEFAULT    5 
     5: 00000000     0 SECTION LOCAL  DEFAULT    6 
     6: 00000000     0 SECTION LOCAL  DEFAULT    7 
     7: 00000000     0 FILE    LOCAL  DEFAULT  ABS app_zszen_zwatch.c
     8: 00000000     0 NOTYPE  LOCAL  DEFAULT    4 $d
     9: 00000000     4 OBJECT  LOCAL  DEFAULT    4 ZTWEEN_FREQUENCE
    10: 00000008     8 OBJECT  LOCAL  DEFAULT    4 MATH_PI
    11: 00000000     0 NOTYPE  LOCAL  DEFAULT    1 $t
    12: 00000238     0 NOTYPE  LOCAL  DEFAULT    1 $d
    13: 00000240     0 NOTYPE  LOCAL  DEFAULT    1 $t
    14: 00000990     0 NOTYPE  LOCAL  DEFAULT    1 $d
    15: 0000099c     0 NOTYPE  LOCAL  DEFAULT    1 $t
    16: 00000a40     0 NOTYPE  LOCAL  DEFAULT    1 $d
    17: 00000a4c     0 NOTYPE  LOCAL  DEFAULT    1 $t
    18: 00000b18     0 NOTYPE  LOCAL  DEFAULT    1 $d
    19: 00000b24     0 NOTYPE  LOCAL  DEFAULT    1 $t
    20: 00000bd0     0 NOTYPE  LOCAL  DEFAULT    1 $d
    21: 00000bdc     0 NOTYPE  LOCAL  DEFAULT    1 $t
    22: 00000c90     0 NOTYPE  LOCAL  DEFAULT    1 $d
    23: 00000ca4     0 NOTYPE  LOCAL  DEFAULT    1 $t
    24: 00000e28     0 NOTYPE  LOCAL  DEFAULT    1 $d
    25: 00000e38     0 NOTYPE  LOCAL  DEFAULT    1 $t
    26: 00000ea8     0 NOTYPE  LOCAL  DEFAULT    1 $d
    27: 00000eac     0 NOTYPE  LOCAL  DEFAULT    1 $t
    28: 00000f34     0 NOTYPE  LOCAL  DEFAULT    1 $d
    29: 00000f38     0 NOTYPE  LOCAL  DEFAULT    1 $t
    30: 00001098     0 NOTYPE  LOCAL  DEFAULT    1 $d
    31: 000010a4     0 NOTYPE  LOCAL  DEFAULT    1 $t
    32: 000013b0     0 NOTYPE  LOCAL  DEFAULT    1 $d
    33: 00001400     0 NOTYPE  LOCAL  DEFAULT    1 $t
    34: 00001568     0 NOTYPE  LOCAL  DEFAULT    1 $d
    35: 00001570     0 NOTYPE  LOCAL  DEFAULT    1 $t
    36: 00001618     0 NOTYPE  LOCAL  DEFAULT    1 $d
    37: 00001620     0 NOTYPE  LOCAL  DEFAULT    1 $t
    38: 00001828     0 NOTYPE  LOCAL  DEFAULT    1 $d
    39: 00001830     0 NOTYPE  LOCAL  DEFAULT    1 $t
    40: 000019b0     0 NOTYPE  LOCAL  DEFAULT    1 $d
    41: 000019c8     0 NOTYPE  LOCAL  DEFAULT    1 $t
    42: 00001b60     0 NOTYPE  LOCAL  DEFAULT    1 $d
    43: 00001b78     0 NOTYPE  LOCAL  DEFAULT    1 $t
    44: 00001e58     0 NOTYPE  LOCAL  DEFAULT    1 $d
    45: 00001e84     0 NOTYPE  LOCAL  DEFAULT    1 $t
    46: 00001e85   104 FUNC    LOCAL  DEFAULT    1 create_bmp_layer
    47: 00000000     0 NOTYPE  LOCAL  DEFAULT    3 $d
    48: 00001f38     0 NOTYPE  LOCAL  DEFAULT    1 $d
    49: 00001f3c     0 NOTYPE  LOCAL  DEFAULT    1 $t
    50: 00001f94     0 NOTYPE  LOCAL  DEFAULT    1 $d
    51: 00000000     0 NOTYPE  LOCAL  DEFAULT    5 $d
    52: 00000000     0 NOTYPE  LOCAL  DEFAULT    5 motionType
    53: 00000004     0 NOTYPE  LOCAL  DEFAULT    5 Count_Num
    54: 00000010     4 OBJECT  LOCAL  DEFAULT    4 Count_Direct
    55: 00000014     4 OBJECT  LOCAL  DEFAULT    4 id_window
    56: 00000008     0 NOTYPE  LOCAL  DEFAULT    5 myTweenAy
    57: 0000000c     0 NOTYPE  LOCAL  DEFAULT    5 myTweenBy
    58: 00000018     4 OBJECT  LOCAL  DEFAULT    4 timerTween
    59: 00000010     0 NOTYPE  LOCAL  DEFAULT    5 nowHour
    60: 00000014     0 NOTYPE  LOCAL  DEFAULT    5 nowMinute
    61: 0000001c     2 OBJECT  LOCAL  DEFAULT    4 NumSize
    62: 00001f98     0 NOTYPE  LOCAL  DEFAULT    1 $t
    63: 00001fc8     0 NOTYPE  LOCAL  DEFAULT    1 $d
    64: 00001fcc     0 NOTYPE  LOCAL  DEFAULT    1 $t
    65: 000020fc     0 NOTYPE  LOCAL  DEFAULT    1 $d
    66: 00002134     0 NOTYPE  LOCAL  DEFAULT    1 $t
    67: 0000225c     0 NOTYPE  LOCAL  DEFAULT    1 $d
    68: 000022a0     0 NOTYPE  LOCAL  DEFAULT    1 $t
    69: 000022c8     0 NOTYPE  LOCAL  DEFAULT    1 $d
    70: 000022d0     0 NOTYPE  LOCAL  DEFAULT    1 $t
    71: 0000248c     0 NOTYPE  LOCAL  DEFAULT    1 $d
    72: 000024c8     0 NOTYPE  LOCAL  DEFAULT    1 $t
    73: 00002540     0 NOTYPE  LOCAL  DEFAULT    1 $d
    74: 00002568     0 NOTYPE  LOCAL  DEFAULT    1 $t
    75: 0000268c     0 NOTYPE  LOCAL  DEFAULT    1 $d
    76: 000026a4     0 NOTYPE  LOCAL  DEFAULT    1 $t
    77: 000026d4     0 NOTYPE  LOCAL  DEFAULT    1 $d
    78: 00000000     0 NOTYPE  GLOBAL DEFAULT  UND maibu_service_sys_event_s
    79: 00000000     0 NOTYPE  GLOBAL DEFAULT  UND sqrt
    80: 00000ca5   404 FUNC    GLOBAL DEFAULT    1 EaseExpoInOut
    81: 00000071    78 FUNC    GLOBAL DEFAULT    1 ZTweenReset
    82: 000000f1    22 FUNC    GLOBAL DEFAULT    1 ZTweenBindComplete
    83: 000000c1    22 FUNC    GLOBAL DEFAULT    1 ZTweenBindStart
    84: 00000000     0 NOTYPE  GLOBAL DEFAULT  UND app_service_timer_unsubsc
    85: 000019c9   432 FUNC    GLOBAL DEFAULT    1 EaseElasticOut
    86: 000002cd    88 FUNC    GLOBAL DEFAULT    1 EaseQuadOut
    87: 00000259    52 FUNC    GLOBAL DEFAULT    1 EaseLinear
    88: 0000099d   176 FUNC    GLOBAL DEFAULT    1 EaseSineOut
    89: 000008cd   208 FUNC    GLOBAL DEFAULT    1 EaseSineIn
    90: 00000000     0 NOTYPE  GLOBAL DEFAULT  UND __aeabi_fadd
    91: 00000000     0 NOTYPE  GLOBAL DEFAULT  UND memcpy
    92: 00000000     0 NOTYPE  GLOBAL DEFAULT  UND __aeabi_fcmpgt
    93: 00000241    22 FUNC    GLOBAL DEFAULT    1 ZTweenDestroy
    94: 00000000     0 NOTYPE  GLOBAL DEFAULT  UND app_window_add_layer
    95: 000022d1   504 FUNC    GLOBAL DEFAULT    1 app_time_update
    96: 00000000     0 NOTYPE  GLOBAL DEFAULT  UND malloc
    97: 00000000     0 NOTYPE  GLOBAL DEFAULT  UND __aeabi_i2f
    98: 00000435    98 FUNC    GLOBAL DEFAULT    1 EaseCubicOut
    99: 00000ead   140 FUNC    GLOBAL DEFAULT    1 EaseBackOut
   100: 00000000     0 NOTYPE  GLOBAL DEFAULT  UND res_get_user_bitmap
   101: 00000000     0 NOTYPE  GLOBAL DEFAULT  UND __aeabi_dcmplt
   102: 00000000     0 NOTYPE  GLOBAL DEFAULT  UND maibu_print_log
   103: 00000000     0 NOTYPE  GLOBAL DEFAULT  UND __aeabi_ddiv
   104: 000005b1   118 FUNC    GLOBAL DEFAULT    1 EaseQuartOut
   105: 00000000     0 NOTYPE  GLOBAL DEFAULT  UND __aeabi_dmul
   106: 00000001   110 FUNC    GLOBAL DEFAULT    1 ZTweenCreate
   107: 00000e39   116 FUNC    GLOBAL DEFAULT    1 EaseBackIn
   108: 00000709    94 FUNC    GLOBAL DEFAULT    1 EaseQuintIn
   109: 00001b79   780 FUNC    GLOBAL DEFAULT    1 EaseElasticInOut
   110: 00000000     0 NOTYPE  GLOBAL DEFAULT  UND __aeabi_d2f
   111: 00000000     0 NOTYPE  GLOBAL DEFAULT  UND __aeabi_fsub
   112: 000010a5   860 FUNC    GLOBAL DEFAULT    1 EaseBounceOut
   113: 00001401    66 FUNC    GLOBAL DEFAULT    1 EaseBounceIn
   114: 00000000     0 NOTYPE  GLOBAL DEFAULT  UND __aeabi_dadd
   115: 0000028d    64 FUNC    GLOBAL DEFAULT    1 EaseQuadIn
   116: 00000000     0 NOTYPE  GLOBAL DEFAULT  UND __aeabi_idiv
   117: 00000000     0 NOTYPE  GLOBAL DEFAULT  UND app_layer_create_bitmap
   118: 00001621   156 FUNC    GLOBAL DEFAULT    1 EaseCircOut
   119: 00000000     0 NOTYPE  GLOBAL DEFAULT  UND cos
   120: 00000000     0 NOTYPE  GLOBAL DEFAULT  UND __aeabi_dsub
   121: 000007e1   236 FUNC    GLOBAL DEFAULT    1 EaseQuintInOut
   122: 00000000     0 NOTYPE  GLOBAL DEFAULT  UND sin
   123: 00000000     0 NOTYPE  GLOBAL DEFAULT  UND app_window_stack_get_wind
   124: 00000000     0 NOTYPE  GLOBAL DEFAULT  UND pow
   125: 00001571   176 FUNC    GLOBAL DEFAULT    1 EaseCircIn
   126: 00001831   408 FUNC    GLOBAL DEFAULT    1 EaseElasticIn
   127: 00000629   224 FUNC    GLOBAL DEFAULT    1 EaseQuartInOut
   128: 00000109   312 FUNC    GLOBAL DEFAULT    1 ZTweenUpdate
   129: 00000000     0 NOTYPE  GLOBAL DEFAULT  UND __aeabi_fdiv
   130: 000022a1    48 FUNC    GLOBAL DEFAULT    1 app_timer_change
   131: 00000000     0 NOTYPE  GLOBAL DEFAULT  UND __aeabi_ui2f
   132: 00000000     0 NOTYPE  GLOBAL DEFAULT  UND app_service_get_datetime
   133: 00000000     0 NOTYPE  GLOBAL DEFAULT  UND app_window_create
   134: 00000000     0 NOTYPE  GLOBAL DEFAULT  UND app_window_stack_push
   135: 000026a5    52 FUNC    GLOBAL DEFAULT    1 main
   136: 00001fcd   360 FUNC    GLOBAL DEFAULT    1 onTweenComplete
   137: 000024c9   160 FUNC    GLOBAL DEFAULT    1 getTimeResource
   138: 00000499   196 FUNC    GLOBAL DEFAULT    1 EaseCubicInOut
   139: 00000f39   364 FUNC    GLOBAL DEFAULT    1 EaseBackInOut
   140: 00001445   300 FUNC    GLOBAL DEFAULT    1 EaseBounceInOut
   141: 00000000     0 NOTYPE  GLOBAL DEFAULT  UND sprintf
   142: 000016bd   372 FUNC    GLOBAL DEFAULT    1 EaseCircInOut
   143: 00000325   196 FUNC    GLOBAL DEFAULT    1 EaseQuadInOut
   144: 00000769   118 FUNC    GLOBAL DEFAULT    1 EaseQuintOut
   145: 00000000     0 NOTYPE  GLOBAL DEFAULT  UND __aeabi_fcmpeq
   146: 00000000     0 NOTYPE  GLOBAL DEFAULT  UND __aeabi_fmul
   147: 00001f99    52 FUNC    GLOBAL DEFAULT    1 onTweenProgress
   148: 00001eed    80 FUNC    GLOBAL DEFAULT    1 ZLogd
   149: 00000bdd   200 FUNC    GLOBAL DEFAULT    1 EaseExpoOut
   150: 00000000     0 NOTYPE  GLOBAL DEFAULT  UND __aeabi_fcmplt
   151: 00000000     0 NOTYPE  GLOBAL DEFAULT  UND __aeabi_uidivmod
   152: 00001f3d    92 FUNC    GLOBAL DEFAULT    1 ZLogf
   153: 000000d9    22 FUNC    GLOBAL DEFAULT    1 ZTweenBindProgress
   154: 00000000     0 NOTYPE  GLOBAL DEFAULT  UND __aeabi_f2uiz
   155: 0000055d    84 FUNC    GLOBAL DEFAULT    1 EaseQuartIn
   156: 00000000     0 NOTYPE  GLOBAL DEFAULT  UND app_service_timer_subscri
   157: 00000000     0 NOTYPE  GLOBAL DEFAULT  UND maibu_clear_log
   158: 000003e9    74 FUNC    GLOBAL DEFAULT    1 EaseCubicIn
   159: 00000a4d   216 FUNC    GLOBAL DEFAULT    1 EaseSineInOut
   160: 00000000     0 NOTYPE  GLOBAL DEFAULT  UND __aeabi_f2d
   161: 00002135   364 FUNC    GLOBAL DEFAULT    1 init_param
   162: 00002569   316 FUNC    GLOBAL DEFAULT    1 update_redraw
   163: 00000b25   184 FUNC    GLOBAL DEFAULT    1 EaseExpoIn
   164: 00000000     0 NOTYPE  GLOBAL DEFAULT  UND app_window_stack_replace_
   165: 00000000     0 NOTYPE  GLOBAL DEFAULT  UND __aeabi_idivmod
   166: 00000000     0 NOTYPE  GLOBAL DEFAULT  UND free

No version information found in this file.
Attribute Section: aeabi
File Attributes
  Tag_CPU_name: "Cortex-M0"
  Tag_CPU_arch: v6S-M
  Tag_CPU_arch_profile: Microcontroller
  Tag_THUMB_ISA_use: Thumb-1
  Tag_ABI_PCS_wchar_t: 4
  Tag_ABI_FP_denormal: Needed
  Tag_ABI_FP_exceptions: Needed
  Tag_ABI_FP_number_model: IEEE 754
  Tag_ABI_align_needed: 8-byte
  Tag_ABI_align_preserved: 8-byte, except leaf SP
  Tag_ABI_enum_size: small
  Tag_ABI_optimization_goals: Aggressive Debug
